#
# There is insufficient memory for the Java Runtime Environment to continue.
# Native memory allocation (mmap) failed to map 2097152 bytes for G1 virtual space
# Possible reasons:
#   The system is out of physical RAM or swap space
#   The process is running with CompressedOops enabled, and the Java Heap may be blocking the growth of the native heap
# Possible solutions:
#   Reduce memory load on the system
#   Increase physical memory or swap space
#   Check if swap backing store is full
#   Decrease Java heap size (-Xmx/-Xms)
#   Decrease number of Java threads
#   Decrease Java thread stack sizes (-Xss)
#   Set larger code cache with -XX:ReservedCodeCacheSize=
#   JVM is running with Zero Based Compressed Oops mode in which the Java heap is
#     placed in the first 32GB address space. The Java Heap base address is the
#     maximum limit for the native heap growth. Please use -XX:HeapBaseMinAddress
#     to set the Java Heap base and to place the Java Heap above 32GB virtual address.
# This output file may be truncated or incomplete.
#
#  Out of Memory Error (os_windows.cpp:3530), pid=31364, tid=12448
#
# JRE version: Java(TM) SE Runtime Environment (18.0.2+9) (build 18.0.2+9-61)
# Java VM: Java HotSpot(TM) 64-Bit Server VM (18.0.2+9-61, mixed mode, sharing, tiered, compressed oops, compressed class ptrs, g1 gc, windows-amd64)
# No core dump will be written. Minidumps are not enabled by default on client versions of Windows
#

---------------  S U M M A R Y ------------

Command Line: -ea -Dfile.encoding=UTF-8 -Dstdout.encoding=UTF-8 -Dstderr.encoding=UTF-8 -XX:+ShowCodeDetailsInExceptionMessages org.testng.remote.RemoteTestNG -serport 63067 -protocol json -d C:\Users\USER\eclipse-workspace\com.healthkart.www\test-output C:\Users\USER\eclipse-workspace\com.healthkart.www\testng.AssertEx.xml

Host: Intel(R) Core(TM) i3-8130U CPU @ 2.20GHz, 4 cores, 11G,  Windows 11 , 64 bit Build 22621 (10.0.22621.3085)
Time: Fri Apr 12 16:31:16 2024 India Standard Time elapsed time: 10.546472 seconds (0d 0h 0m 10s)

---------------  T H R E A D  ---------------

Current thread (0x00000239de0ed740):  WorkerThread "GC Thread#1" [stack: 0x0000004613e00000,0x0000004613f00000] [id=12448]

Stack: [0x0000004613e00000,0x0000004613f00000]
Native frames: (J=compiled Java code, j=interpreted, Vv=VM code, C=native code)
V  [jvm.dll+0x6993ca]
V  [jvm.dll+0x7f481d]
V  [jvm.dll+0x7f612e]
V  [jvm.dll+0x7f67e3]
V  [jvm.dll+0x25cdaf]
V  [jvm.dll+0x696319]
V  [jvm.dll+0x68ae4a]
V  [jvm.dll+0x3223eb]
V  [jvm.dll+0x329dc6]
V  [jvm.dll+0x37e7cb]
V  [jvm.dll+0x37edf4]
V  [jvm.dll+0x37eebd]
V  [jvm.dll+0x2fbc45]
V  [jvm.dll+0x2fb991]
V  [jvm.dll+0x2e8886]
V  [jvm.dll+0x2e96ba]
V  [jvm.dll+0x2e9a40]
V  [jvm.dll+0x2e955c]
V  [jvm.dll+0x323f8a]
V  [jvm.dll+0x324499]
V  [jvm.dll+0x325528]
V  [jvm.dll+0x321d4e]
V  [jvm.dll+0x3359c4]
V  [jvm.dll+0x20d7e4]
V  [jvm.dll+0x321ccb]
V  [jvm.dll+0x20fc78]
V  [jvm.dll+0x336790]
V  [jvm.dll+0x3365d5]
V  [jvm.dll+0x33ebf4]
V  [jvm.dll+0x33ed6b]
V  [jvm.dll+0x820a44]
V  [jvm.dll+0x7a125a]
V  [jvm.dll+0x698275]
C  [ucrtbase.dll+0x29363]
C  [KERNEL32.DLL+0x1257d]
C  [ntdll.dll+0x5aa58]


---------------  P R O C E S S  ---------------

Threads class SMR info:
_java_thread_list=0x00000239df059e60, length=48, elements={
0x00000239b95a15c0, 0x00000239d949fb80, 0x00000239d94a0520, 0x00000239d94bd740,
0x00000239d94bf000, 0x00000239d94bf8b0, 0x00000239d94c2570, 0x00000239d94ce990,
0x00000239d94d7a50, 0x00000239d94e8320, 0x00000239dd8ae140, 0x00000239dd8b4850,
0x00000239de228660, 0x00000239de0e5350, 0x00000239de1b3ab0, 0x00000239de1f9230,
0x00000239de196650, 0x00000239de03e180, 0x00000239de03dcb0, 0x00000239de03e650,
0x00000239de03d7e0, 0x00000239de03eb20, 0x00000239de03eff0, 0x00000239defe1ec0,
0x00000239defe2390, 0x00000239defe1050, 0x00000239defe4540, 0x00000239defe4a10,
0x00000239defe3200, 0x00000239defe4070, 0x00000239defe1520, 0x00000239defe2860,
0x00000239defe19f0, 0x00000239defe2d30, 0x00000239de9b4690, 0x00000239de9ace40,
0x00000239de9b1b40, 0x00000239de9b2e80, 0x00000239de9b24e0, 0x00000239de9b0800,
0x00000239de9b3cf0, 0x00000239de9ad310, 0x00000239de9b1670, 0x00000239de9ae180,
0x00000239de9aeb20, 0x00000239de9afe60, 0x00000239de9b41c0, 0x00000239de9b3820
}

Java Threads: ( => current thread )
  0x00000239b95a15c0 JavaThread "main" [_thread_blocked, id=13192, stack(0x0000004612700000,0x0000004612800000)]
  0x00000239d949fb80 JavaThread "Reference Handler" daemon [_thread_blocked, id=9728, stack(0x0000004612e00000,0x0000004612f00000)]
  0x00000239d94a0520 JavaThread "Finalizer" daemon [_thread_blocked, id=17108, stack(0x0000004612f00000,0x0000004613000000)]
  0x00000239d94bd740 JavaThread "Signal Dispatcher" daemon [_thread_blocked, id=21192, stack(0x0000004613100000,0x0000004613200000)]
  0x00000239d94bf000 JavaThread "Attach Listener" daemon [_thread_blocked, id=3964, stack(0x0000004613200000,0x0000004613300000)]
  0x00000239d94bf8b0 JavaThread "Service Thread" daemon [_thread_blocked, id=18536, stack(0x0000004613300000,0x0000004613400000)]
  0x00000239d94c2570 JavaThread "Monitor Deflation Thread" daemon [_thread_blocked, id=29264, stack(0x0000004613400000,0x0000004613500000)]
  0x00000239d94ce990 JavaThread "C2 CompilerThread0" daemon [_thread_blocked, id=29252, stack(0x0000004613500000,0x0000004613600000)]
  0x00000239d94d7a50 JavaThread "C1 CompilerThread0" daemon [_thread_blocked, id=21024, stack(0x0000004613600000,0x0000004613700000)]
  0x00000239d94e8320 JavaThread "Sweeper thread" daemon [_thread_blocked, id=16884, stack(0x0000004613700000,0x0000004613800000)]
  0x00000239dd8ae140 JavaThread "Notification Thread" daemon [_thread_blocked, id=11076, stack(0x0000004613800000,0x0000004613900000)]
  0x00000239dd8b4850 JavaThread "Common-Cleaner" daemon [_thread_blocked, id=16540, stack(0x0000004613a00000,0x0000004613b00000)]
  0x00000239de228660 JavaThread "ReaderThread" [_thread_in_native, id=8640, stack(0x0000004613d00000,0x0000004613e00000)]
  0x00000239de0e5350 JavaThread "ForkJoinPool.commonPool-worker-1" daemon [_thread_blocked, id=25652, stack(0x0000004614100000,0x0000004614200000)]
  0x00000239de1b3ab0 JavaThread "ForkJoinPool.commonPool-worker-2" daemon [_thread_blocked, id=2488, stack(0x0000004614200000,0x0000004614300000)]
  0x00000239de1f9230 JavaThread "ForkJoinPool.commonPool-worker-3" daemon [_thread_blocked, id=19544, stack(0x0000004614300000,0x0000004614400000)]
  0x00000239de196650 JavaThread "TestNG-tests-1" [_thread_blocked, id=16468, stack(0x0000004614400000,0x0000004614500000)]
  0x00000239de03e180 JavaThread "AsyncHttpClient-1-1" daemon [_thread_blocked, id=15980, stack(0x0000004614500000,0x0000004614600000)]
  0x00000239de03dcb0 JavaThread "Exec Default Executor" daemon [_thread_in_native, id=18628, stack(0x0000004614600000,0x0000004614700000)]
  0x00000239de03e650 JavaThread "Exec Stream Pumper" daemon [_thread_in_native, id=16020, stack(0x0000004614700000,0x0000004614800000)]
  0x00000239de03d7e0 JavaThread "Exec Stream Pumper" daemon [_thread_in_native, id=16156, stack(0x0000004614800000,0x0000004614900000)]
  0x00000239de03eb20 JavaThread "Driver Service Executor" daemon [_thread_blocked, id=1660, stack(0x0000004614900000,0x0000004614a00000)]
  0x00000239de03eff0 JavaThread "Driver Service Executor" daemon [_thread_blocked, id=11704, stack(0x0000004614a00000,0x0000004614b00000)]
  0x00000239defe1ec0 JavaThread "UrlChecker-2" daemon [_thread_blocked, id=7532, stack(0x0000004614b00000,0x0000004614c00000)]
  0x00000239defe2390 JavaThread "AsyncHttpClient-1-2" daemon [_thread_in_native, id=16840, stack(0x0000004614d00000,0x0000004614e00000)]
  0x00000239defe1050 JavaThread "AsyncHttpClient-1-3" daemon [_thread_in_native, id=6588, stack(0x0000004613b00000,0x0000004613c00000)]
  0x00000239defe4540 JavaThread "AsyncHttpClient-1-4" daemon [_thread_in_native, id=27360, stack(0x0000004614e00000,0x0000004614f00000)]
  0x00000239defe4a10 JavaThread "Exec Default Executor" daemon [_thread_in_native, id=1644, stack(0x0000004614f00000,0x0000004615000000)]
  0x00000239defe3200 JavaThread "Exec Stream Pumper" daemon [_thread_in_native, id=9248, stack(0x0000004615000000,0x0000004615100000)]
  0x00000239defe4070 JavaThread "Exec Stream Pumper" daemon [_thread_in_native, id=3060, stack(0x0000004615100000,0x0000004615200000)]
  0x00000239defe1520 JavaThread "Driver Service Executor" daemon [_thread_blocked, id=20304, stack(0x0000004615200000,0x0000004615300000)]
  0x00000239defe2860 JavaThread "Driver Service Executor" daemon [_thread_blocked, id=1784, stack(0x0000004615300000,0x0000004615400000)]
  0x00000239defe19f0 JavaThread "AsyncHttpClient-1-5" daemon [_thread_in_native, id=19224, stack(0x0000004615400000,0x0000004615500000)]
  0x00000239defe2d30 JavaThread "AsyncHttpClient-1-6" daemon [_thread_in_native, id=5652, stack(0x0000004615500000,0x0000004615600000)]
  0x00000239de9b4690 JavaThread "AsyncHttpClient-1-7" daemon [_thread_in_native, id=31412, stack(0x0000004615600000,0x0000004615700000)]
  0x00000239de9ace40 JavaThread "Exec Default Executor" daemon [_thread_in_native, id=26452, stack(0x0000004615700000,0x0000004615800000)]
  0x00000239de9b1b40 JavaThread "Exec Stream Pumper" daemon [_thread_in_native, id=29752, stack(0x0000004615800000,0x0000004615900000)]
  0x00000239de9b2e80 JavaThread "Exec Stream Pumper" daemon [_thread_in_native, id=4368, stack(0x0000004615900000,0x0000004615a00000)]
  0x00000239de9b24e0 JavaThread "Driver Service Executor" daemon [_thread_blocked, id=32344, stack(0x0000004615a00000,0x0000004615b00000)]
  0x00000239de9b0800 JavaThread "Driver Service Executor" daemon [_thread_blocked, id=25760, stack(0x0000004615b00000,0x0000004615c00000)]
  0x00000239de9b3cf0 JavaThread "AsyncHttpClient-1-8" daemon [_thread_in_native, id=2508, stack(0x0000004615c00000,0x0000004615d00000)]
  0x00000239de9ad310 JavaThread "AsyncHttpClient-1-9" daemon [_thread_in_native, id=26384, stack(0x0000004614c00000,0x0000004614d00000)]
  0x00000239de9b1670 JavaThread "Exec Default Executor" daemon [_thread_in_native, id=13036, stack(0x0000004615d00000,0x0000004615e00000)]
  0x00000239de9ae180 JavaThread "Exec Stream Pumper" daemon [_thread_in_native, id=25284, stack(0x0000004615e00000,0x0000004615f00000)]
  0x00000239de9aeb20 JavaThread "Exec Stream Pumper" daemon [_thread_in_native, id=23580, stack(0x0000004615f00000,0x0000004616000000)]
  0x00000239de9afe60 JavaThread "Driver Service Executor" daemon [_thread_blocked, id=14508, stack(0x0000004616000000,0x0000004616100000)]
  0x00000239de9b41c0 JavaThread "Driver Service Executor" daemon [_thread_blocked, id=29360, stack(0x0000004616100000,0x0000004616200000)]
  0x00000239de9b3820 JavaThread "Keep-Alive-Timer" daemon [_thread_blocked, id=3228, stack(0x0000004616200000,0x0000004616300000)]

Other Threads:
  0x00000239d949d320 VMThread "VM Thread" [stack: 0x0000004612d00000,0x0000004612e00000] [id=17516]
  0x00000239dd8aea10 WatcherThread "VM Periodic Task Thread" [stack: 0x0000004613900000,0x0000004613a00000] [id=25792]
  0x00000239b9602f20 WorkerThread "GC Thread#0" [stack: 0x0000004612800000,0x0000004612900000] [id=4892]
=>0x00000239de0ed740 WorkerThread "GC Thread#1" [stack: 0x0000004613e00000,0x0000004613f00000] [id=12448]
  0x00000239ddd3bce0 WorkerThread "GC Thread#2" [stack: 0x0000004613f00000,0x0000004614000000] [id=968]
  0x00000239ddd3bf80 WorkerThread "GC Thread#3" [stack: 0x0000004614000000,0x0000004614100000] [id=25636]
  0x00000239b9610380 ConcurrentGCThread "G1 Main Marker" [stack: 0x0000004612900000,0x0000004612a00000] [id=23172]
  0x00000239b9610c70 WorkerThread "G1 Conc#0" [stack: 0x0000004612a00000,0x0000004612b00000] [id=26888]
  0x00000239b9648a50 ConcurrentGCThread "G1 Refine#0" [stack: 0x0000004612b00000,0x0000004612c00000] [id=29256]
  0x00000239b964a210 ConcurrentGCThread "G1 Service" [stack: 0x0000004612c00000,0x0000004612d00000] [id=16448]

Threads with active compile tasks:

VM state: at safepoint (normal execution)

VM Mutex/Monitor currently owned by a thread:  ([mutex/lock_event])
[0x00000239b738de30] FreeList_lock - owner thread: 0x00000239de0ed740
[0x00000239b959d170] Threads_lock - owner thread: 0x00000239d949d320
[0x00000239b959cfc0] Heap_lock - owner thread: 0x00000239de196650

Heap address: 0x0000000741600000, size: 3050 MB, Compressed Oops mode: Zero based, Oop shift amount: 3

CDS archive(s) mapped at: [0x0000000800000000-0x0000000800ba0000-0x0000000800ba0000), size 12189696, SharedBaseAddress: 0x0000000800000000, ArchiveRelocationMode: 0.
Compressed class space mapped at: 0x0000000800c00000-0x0000000840c00000, reserved size: 1073741824
Narrow klass base: 0x0000000800000000, Narrow klass shift: 0, Narrow klass range: 0x100000000

GC Precious Log:
 CardTable entry size: 512
 Card Set container configuration: InlinePtr #cards 4 size 8 Array Of Cards #cards 16 size 48 Howl #buckets 8 coarsen threshold 3686 Howl Bitmap #cards 512 size 80 coarsen threshold 460 Card regions per heap region 1 cards per card region 4096
 CPUs: 4 total, 4 available
 Memory: 12199M
 Large Page Support: Disabled
 NUMA Support: Disabled
 Compressed Oops: Enabled (Zero based)
 Heap Region Size: 2M
 Heap Min Capacity: 8M
 Heap Initial Capacity: 192M
 Heap Max Capacity: 3050M
 Pre-touch: Disabled
 Parallel Workers: 4
 Concurrent Workers: 1
 Concurrent Refinement Workers: 4
 Periodic GC: Disabled

Heap:
 garbage-first heap   total 59392K, used 54562K [0x0000000741600000, 0x0000000800000000)
  region size 2048K, 10 young (20480K), 1 survivors (2048K)
 Metaspace       used 23185K, committed 23616K, reserved 1114112K
  class space    used 2801K, committed 3008K, reserved 1048576K

Heap Regions: E=young(eden), S=young(survivor), O=old, HS=humongous(starts), HC=humongous(continues), CS=collection set, F=free, OA=open archive, CA=closed archive, TAMS=top-at-mark-start (previous, next)
|   0|0x0000000741600000, 0x0000000741800000, 0x0000000741800000|100%| O|  |TAMS 0x0000000741800000, 0x0000000741600000| Untracked 
|   1|0x0000000741800000, 0x0000000741a00000, 0x0000000741a00000|100%| O|  |TAMS 0x0000000741a00000, 0x0000000741800000| Untracked 
|   2|0x0000000741a00000, 0x0000000741b9f400, 0x0000000741c00000| 81%| O|  |TAMS 0x0000000741b9f400, 0x0000000741a00000| Complete 
|   3|0x0000000741c00000, 0x0000000741e00000, 0x0000000741e00000|100%|HS|  |TAMS 0x0000000741c00000, 0x0000000741c00000| Complete 
|   4|0x0000000741e00000, 0x0000000742000000, 0x0000000742000000|100%|HC|  |TAMS 0x0000000741e00000, 0x0000000741e00000| Complete 
|   5|0x0000000742000000, 0x0000000742200000, 0x0000000742200000|100%|HC|  |TAMS 0x0000000742000000, 0x0000000742000000| Complete 
|   6|0x0000000742200000, 0x0000000742400000, 0x0000000742400000|100%|HS|  |TAMS 0x0000000742200000, 0x0000000742200000| Complete 
|   7|0x0000000742400000, 0x0000000742600000, 0x0000000742600000|100%|HC|  |TAMS 0x0000000742400000, 0x0000000742400000| Complete 
|   8|0x0000000742600000, 0x0000000742800000, 0x0000000742800000|100%|HC|  |TAMS 0x0000000742600000, 0x0000000742600000| Complete 
|   9|0x0000000742800000, 0x0000000742a00000, 0x0000000742a00000|100%|HS|  |TAMS 0x0000000742800000, 0x0000000742800000| Complete 
|  10|0x0000000742a00000, 0x0000000742c00000, 0x0000000742c00000|100%|HC|  |TAMS 0x0000000742a00000, 0x0000000742a00000| Complete 
|  11|0x0000000742c00000, 0x0000000742e00000, 0x0000000742e00000|100%|HC|  |TAMS 0x0000000742c00000, 0x0000000742c00000| Complete 
|  12|0x0000000742e00000, 0x0000000743000000, 0x0000000743000000|100%| E|CS|TAMS 0x0000000742e00000, 0x0000000742e00000| Complete 
|  13|0x0000000743000000, 0x0000000743200000, 0x0000000743200000|100%| E|CS|TAMS 0x0000000743000000, 0x0000000743000000| Complete 
|  14|0x0000000743200000, 0x0000000743400000, 0x0000000743400000|100%| E|CS|TAMS 0x0000000743200000, 0x0000000743200000| Complete 
|  15|0x0000000743400000, 0x0000000743600000, 0x0000000743600000|100%| E|CS|TAMS 0x0000000743400000, 0x0000000743400000| Complete 
|  16|0x0000000743600000, 0x0000000743800000, 0x0000000743800000|100%| E|CS|TAMS 0x0000000743600000, 0x0000000743600000| Complete 
|  17|0x0000000743800000, 0x0000000743a00000, 0x0000000743a00000|100%| E|CS|TAMS 0x0000000743800000, 0x0000000743800000| Complete 
|  18|0x0000000743a00000, 0x0000000743c00000, 0x0000000743c00000|100%| E|CS|TAMS 0x0000000743a00000, 0x0000000743a00000| Complete 
|  19|0x0000000743c00000, 0x0000000743e00000, 0x0000000743e00000|100%| E|CS|TAMS 0x0000000743c00000, 0x0000000743c00000| Complete 
|  20|0x0000000743e00000, 0x0000000744000000, 0x0000000744000000|100%|HS|  |TAMS 0x0000000743e00000, 0x0000000743e00000| Complete 
|  21|0x0000000744000000, 0x0000000744200000, 0x0000000744200000|100%|HC|  |TAMS 0x0000000744000000, 0x0000000744000000| Complete 
|  22|0x0000000744200000, 0x0000000744400000, 0x0000000744400000|100%|HC|  |TAMS 0x0000000744200000, 0x0000000744200000| Complete 
|  23|0x0000000744400000, 0x00000007445da080, 0x0000000744600000| 92%| S|  |TAMS 0x0000000744400000, 0x0000000744400000| Complete 
|  79|0x000000074b400000, 0x000000074b5a9720, 0x000000074b600000| 83%| E|CS|TAMS 0x000000074b400000, 0x000000074b400000| Complete 
|  80|0x000000074b600000, 0x000000074b800000, 0x000000074b800000|100%| E|CS|TAMS 0x000000074b600000, 0x000000074b600000| Complete 
|  81|0x000000074b800000, 0x000000074ba00000, 0x000000074ba00000|100%| E|CS|TAMS 0x000000074b800000, 0x000000074b800000| Complete 
|  95|0x000000074d400000, 0x000000074d600000, 0x000000074d600000|100%| E|CS|TAMS 0x000000074d400000, 0x000000074d400000| Complete 
|1524|0x00000007ffe00000, 0x0000000800000000, 0x0000000800000000|100%| O|  |TAMS 0x00000007ffe00000, 0x00000007ffe00000| Untracked 

Card table byte_map: [0x00000239d04c0000,0x00000239d0ac0000] _byte_map_base: 0x00000239ccab5000

Marking Bits (Prev, Next): (CMBitMap*) 0x00000239b9603460, (CMBitMap*) 0x00000239b9603420
 Prev Bits: [0x00000239d4070000, 0x00000239d7018000)
 Next Bits: [0x00000239d10c0000, 0x00000239d4068000)

Polling page: 0x00000239b8d50000

Metaspace:

Usage:
  Non-class:     19.91 MB used.
      Class:      2.74 MB used.
       Both:     22.64 MB used.

Virtual space:
  Non-class space:       64.00 MB reserved,      20.12 MB ( 31%) committed,  1 nodes.
      Class space:        1.00 GB reserved,       2.94 MB ( <1%) committed,  1 nodes.
             Both:        1.06 GB reserved,      23.06 MB (  2%) committed. 

Chunk freelists:
   Non-Class:  3.86 MB
       Class:  959.00 KB
        Both:  4.80 MB

MaxMetaspaceSize: unlimited
CompressedClassSpaceSize: 1.00 GB
Initial GC threshold: 21.00 MB
Current GC threshold: 35.25 MB
CDS: on
MetaspaceReclaimPolicy: balanced
 - commit_granule_bytes: 65536.
 - commit_granule_words: 8192.
 - virtual_space_node_default_size: 8388608.
 - enlarge_chunks_in_place: 1.
 - new_chunks_are_fully_committed: 0.
 - uncommit_free_chunks: 1.
 - use_allocation_guard: 0.


Internal statistics:

num_allocs_failed_limit: 3.
num_arena_births: 434.
num_arena_deaths: 0.
num_vsnodes_births: 2.
num_vsnodes_deaths: 0.
num_space_committed: 369.
num_space_uncommitted: 0.
num_chunks_returned_to_freelist: 3.
num_chunks_taken_from_freelist: 1060.
num_chunk_merges: 3.
num_chunk_splits: 714.
num_chunks_enlarged: 532.
num_inconsistent_stats: 0.

CodeHeap 'non-profiled nmethods': size=120000Kb used=1037Kb max_used=1037Kb free=118962Kb
 bounds [0x00000239c8990000, 0x00000239c8c00000, 0x00000239cfec0000]
CodeHeap 'profiled nmethods': size=120000Kb used=5403Kb max_used=5403Kb free=114596Kb
 bounds [0x00000239c1460000, 0x00000239c19b0000, 0x00000239c8990000]
CodeHeap 'non-nmethods': size=5760Kb used=1309Kb max_used=1333Kb free=4450Kb
 bounds [0x00000239c0ec0000, 0x00000239c1130000, 0x00000239c1460000]
 total_blobs=3432 nmethods=2814 adapters=530
 compilation: enabled
              stopped_count=0, restarted_count=0
 full_count=0

Compilation events (20 events):
Event: 10.499 Thread 0x00000239d94d7a50 2804       3       org.testng.shaded.com.google.gson.internal.bind.ReflectiveTypeAdapterFactory::includeField (33 bytes)
Event: 10.500 Thread 0x00000239d94d7a50 nmethod 2804 0x00000239c199f710 code [0x00000239c199f8e0, 0x00000239c199fc88]
Event: 10.506 Thread 0x00000239d94d7a50 2805       3       org.testng.shaded.com.google.gson.internal.$Gson$Types::equals (283 bytes)
Event: 10.509 Thread 0x00000239d94d7a50 nmethod 2805 0x00000239c199fe10 code [0x00000239c19a0260, 0x00000239c19a2bb8]
Event: 10.509 Thread 0x00000239d94d7a50 2806       3       java.lang.reflect.Field::isSynthetic (8 bytes)
Event: 10.510 Thread 0x00000239d94d7a50 nmethod 2806 0x00000239c19a3190 code [0x00000239c19a3320, 0x00000239c19a34f8]
Event: 10.511 Thread 0x00000239d94d7a50 2807   !   3       java.nio.charset.CharsetDecoder::decode (275 bytes)
Event: 10.513 Thread 0x00000239d94d7a50 nmethod 2807 0x00000239c19a3590 code [0x00000239c19a38c0, 0x00000239c19a4d88]
Event: 10.520 Thread 0x00000239d94ce990 2808       4       java.lang.String::getChars (54 bytes)
Event: 10.523 Thread 0x00000239d94ce990 nmethod 2808 0x00000239c8a92690 code [0x00000239c8a92820, 0x00000239c8a92b58]
Event: 10.523 Thread 0x00000239d94ce990 2809       4       java.lang.StringLatin1::getChars (12 bytes)
Event: 10.524 Thread 0x00000239d94ce990 nmethod 2809 0x00000239c8a92e10 code [0x00000239c8a92f80, 0x00000239c8a930f8]
Event: 10.534 Thread 0x00000239d94d7a50 2810       3       jdk.internal.math.FDBigInteger::mult (64 bytes)
Event: 10.534 Thread 0x00000239d94d7a50 nmethod 2810 0x00000239c19a5410 code [0x00000239c19a55c0, 0x00000239c19a5838]
Event: 10.534 Thread 0x00000239d94d7a50 2811       3       jdk.internal.math.FDBigInteger::<init> (30 bytes)
Event: 10.534 Thread 0x00000239d94d7a50 nmethod 2811 0x00000239c19a5a10 code [0x00000239c19a5bc0, 0x00000239c19a5dc8]
Event: 10.534 Thread 0x00000239d94d7a50 2812       3       jdk.internal.math.FDBigInteger::trimLeadingZeros (57 bytes)
Event: 10.534 Thread 0x00000239d94d7a50 nmethod 2812 0x00000239c19a5f10 code [0x00000239c19a60c0, 0x00000239c19a6398]
Event: 10.534 Thread 0x00000239d94d7a50 2813   !   3       java.lang.Class::desiredAssertionStatus (54 bytes)
Event: 10.535 Thread 0x00000239d94d7a50 nmethod 2813 0x00000239c19a6490 code [0x00000239c19a6680, 0x00000239c19a6b98]

GC Heap History (9 events):
Event: 0.606 GC heap before
{Heap before GC invocations=0 (full 0):
 garbage-first heap   total 196608K, used 10240K [0x0000000741600000, 0x0000000800000000)
  region size 2048K, 6 young (12288K), 0 survivors (0K)
 Metaspace       used 4218K, committed 4416K, reserved 1114112K
  class space    used 434K, committed 512K, reserved 1048576K
}
Event: 0.611 GC heap after
{Heap after GC invocations=1 (full 0):
 garbage-first heap   total 196608K, used 5591K [0x0000000741600000, 0x0000000800000000)
  region size 2048K, 1 young (2048K), 1 survivors (2048K)
 Metaspace       used 4218K, committed 4416K, reserved 1114112K
  class space    used 434K, committed 512K, reserved 1048576K
}
Event: 0.960 GC heap before
{Heap before GC invocations=1 (full 0):
 garbage-first heap   total 196608K, used 15831K [0x0000000741600000, 0x0000000800000000)
  region size 2048K, 6 young (12288K), 1 survivors (2048K)
 Metaspace       used 7040K, committed 7232K, reserved 1114112K
  class space    used 778K, committed 896K, reserved 1048576K
}
Event: 0.963 GC heap after
{Heap after GC invocations=2 (full 0):
 garbage-first heap   total 196608K, used 6472K [0x0000000741600000, 0x0000000800000000)
  region size 2048K, 1 young (2048K), 1 survivors (2048K)
 Metaspace       used 7040K, committed 7232K, reserved 1114112K
  class space    used 778K, committed 896K, reserved 1048576K
}
Event: 2.279 GC heap before
{Heap before GC invocations=2 (full 0):
 garbage-first heap   total 196608K, used 26952K [0x0000000741600000, 0x0000000800000000)
  region size 2048K, 12 young (24576K), 1 survivors (2048K)
 Metaspace       used 13958K, committed 14272K, reserved 1114112K
  class space    used 1660K, committed 1792K, reserved 1048576K
}
Event: 2.285 GC heap after
{Heap after GC invocations=3 (full 0):
 garbage-first heap   total 196608K, used 9748K [0x0000000741600000, 0x0000000800000000)
  region size 2048K, 2 young (4096K), 2 survivors (4096K)
 Metaspace       used 13958K, committed 14272K, reserved 1114112K
  class space    used 1660K, committed 1792K, reserved 1048576K
}
Event: 2.823 GC heap before
{Heap before GC invocations=3 (full 0):
 garbage-first heap   total 196608K, used 32276K [0x0000000741600000, 0x0000000800000000)
  region size 2048K, 14 young (28672K), 2 survivors (4096K)
 Metaspace       used 21157K, committed 21504K, reserved 1114112K
  class space    used 2538K, committed 2688K, reserved 1048576K
}
Event: 2.831 GC heap after
{Heap after GC invocations=4 (full 0):
 garbage-first heap   total 196608K, used 11554K [0x0000000741600000, 0x0000000800000000)
  region size 2048K, 3 young (6144K), 3 survivors (6144K)
 Metaspace       used 21157K, committed 21504K, reserved 1114112K
  class space    used 2538K, committed 2688K, reserved 1048576K
}
Event: 10.536 GC heap before
{Heap before GC invocations=5 (full 0):
 garbage-first heap   total 55296K, used 54562K [0x0000000741600000, 0x0000000800000000)
  region size 2048K, 12 young (24576K), 3 survivors (6144K)
 Metaspace       used 23185K, committed 23616K, reserved 1114112K
  class space    used 2801K, committed 3008K, reserved 1048576K
}

Deoptimization events (20 events):
Event: 6.496 Thread 0x00000239de196650 Uncommon trap: trap_request=0xffffff45 fr.pc=0x00000239c8a32564 relative=0x0000000000002084
Event: 6.496 Thread 0x00000239de196650 Uncommon trap: reason=unstable_if action=reinterpret pc=0x00000239c8a32564 method=jdk.internal.loader.URLClassPath$FileLoader.getResource(Ljava/lang/String;Z)Ljdk/internal/loader/Resource; @ 125 c2
Event: 6.496 Thread 0x00000239de196650 DEOPT PACKING pc=0x00000239c8a32564 sp=0x00000046144fda70
Event: 6.496 Thread 0x00000239de196650 DEOPT UNPACKING pc=0x00000239c0f123a3 sp=0x00000046144fda20 mode 2
Event: 6.532 Thread 0x00000239de196650 Uncommon trap: trap_request=0xffffffcc fr.pc=0x00000239c8a83c08 relative=0x0000000000000368
Event: 6.532 Thread 0x00000239de196650 Uncommon trap: reason=intrinsic_or_type_checked_inlining action=make_not_entrant pc=0x00000239c8a83c08 method=java.util.Arrays.copyOf([Ljava/lang/Object;ILjava/lang/Class;)[Ljava/lang/Object; @ 35 c2
Event: 6.532 Thread 0x00000239de196650 DEOPT PACKING pc=0x00000239c8a83c08 sp=0x00000046144fe2e0
Event: 6.532 Thread 0x00000239de196650 DEOPT UNPACKING pc=0x00000239c0f123a3 sp=0x00000046144fe270 mode 2
Event: 10.535 Thread 0x00000239de196650 Uncommon trap: trap_request=0xffffff45 fr.pc=0x00000239c899aebc relative=0x000000000000041c
Event: 10.535 Thread 0x00000239de196650 Uncommon trap: reason=unstable_if action=reinterpret pc=0x00000239c899aebc method=java.lang.StringLatin1.canEncode(I)Z @ 4 c2
Event: 10.535 Thread 0x00000239de196650 DEOPT PACKING pc=0x00000239c899aebc sp=0x00000046144fecd0
Event: 10.535 Thread 0x00000239de196650 DEOPT UNPACKING pc=0x00000239c0f123a3 sp=0x00000046144febf8 mode 2
Event: 10.535 Thread 0x00000239de196650 Uncommon trap: trap_request=0xffffff45 fr.pc=0x00000239c899c2a4 relative=0x0000000000000404
Event: 10.535 Thread 0x00000239de196650 Uncommon trap: reason=unstable_if action=reinterpret pc=0x00000239c899c2a4 method=java.lang.AbstractStringBuilder.isLatin1()Z @ 10 c2
Event: 10.535 Thread 0x00000239de196650 DEOPT PACKING pc=0x00000239c899c2a4 sp=0x00000046144fecf0
Event: 10.535 Thread 0x00000239de196650 DEOPT UNPACKING pc=0x00000239c0f123a3 sp=0x00000046144fec70 mode 2
Event: 10.535 Thread 0x00000239de196650 Uncommon trap: trap_request=0xffffff45 fr.pc=0x00000239c899eedc relative=0x000000000000005c
Event: 10.535 Thread 0x00000239de196650 Uncommon trap: reason=unstable_if action=reinterpret pc=0x00000239c899eedc method=java.lang.AbstractStringBuilder.isLatin1()Z @ 10 c2
Event: 10.535 Thread 0x00000239de196650 DEOPT PACKING pc=0x00000239c899eedc sp=0x00000046144fecd0
Event: 10.535 Thread 0x00000239de196650 DEOPT UNPACKING pc=0x00000239c0f123a3 sp=0x00000046144fec60 mode 2

Classes loaded (20 events):
Event: 6.495 Loading class java/lang/invoke/WrongMethodTypeException
Event: 6.495 Loading class java/lang/invoke/WrongMethodTypeException done
Event: 6.500 Loading class java/lang/Throwable$WrappedPrintStream
Event: 6.500 Loading class java/lang/Throwable$PrintStreamOrWriter
Event: 6.500 Loading class java/lang/Throwable$PrintStreamOrWriter done
Event: 6.500 Loading class java/lang/Throwable$WrappedPrintStream done
Event: 6.501 Loading class java/lang/Throwable$WrappedPrintWriter
Event: 6.501 Loading class java/lang/Throwable$WrappedPrintWriter done
Event: 9.126 Loading class sun/net/util/SocketExceptions
Event: 9.126 Loading class sun/net/util/SocketExceptions done
Event: 10.523 Loading class java/io/FileWriter
Event: 10.523 Loading class java/io/FileWriter done
Event: 10.528 Loading class java/net/InetAddress$CachedLocalHost
Event: 10.528 Loading class java/net/InetAddress$CachedLocalHost done
Event: 10.529 Loading class jdk/internal/math/FDBigInteger
Event: 10.530 Loading class jdk/internal/math/FDBigInteger done
Event: 10.535 Loading class sun/util/locale/provider/TimeZoneNameUtility
Event: 10.536 Loading class sun/util/locale/provider/TimeZoneNameUtility done
Event: 10.536 Loading class sun/util/locale/provider/TimeZoneNameUtility$TimeZoneNameGetter
Event: 10.536 Loading class sun/util/locale/provider/TimeZoneNameUtility$TimeZoneNameGetter done

Classes unloaded (0 events):
No events

Classes redefined (0 events):
No events

Internal exceptions (20 events):
Event: 2.585 Thread 0x00000239de196650 Exception <a 'java/lang/NoSuchMethodError'{0x000000074c9701e8}: 'java.lang.Object java.lang.invoke.DirectMethodHandle$Holder.newInvokeSpecial(java.lang.Object, java.lang.Object, int, int)'> (0x000000074c9701e8) 
thrown [s\open\src\hotspot\share\interpreter\linkResolver.cpp, line 759]
Event: 2.586 Thread 0x00000239de196650 Exception <a 'java/lang/NoSuchMethodError'{0x000000074c97af40}: 'void java.lang.invoke.DirectMethodHandle$Holder.invokeStatic(java.lang.Object, java.lang.Object, int)'> (0x000000074c97af40) 
thrown [s\open\src\hotspot\share\interpreter\linkResolver.cpp, line 759]
Event: 2.626 Thread 0x00000239de196650 Exception <a 'java/lang/NoSuchMethodError'{0x000000074c755188}: 'int java.lang.invoke.DirectMethodHandle$Holder.invokeSpecialIFC(java.lang.Object, java.lang.Object, java.lang.Object)'> (0x000000074c755188) 
thrown [s\open\src\hotspot\share\interpreter\linkResolver.cpp, line 759]
Event: 2.660 Thread 0x00000239de196650 Exception <a 'java/lang/NoSuchMethodError'{0x000000074c4e9230}: 'java.lang.Object java.lang.invoke.DirectMethodHandle$Holder.invokeVirtual(java.lang.Object, java.lang.Object, java.lang.Object, java.lang.Object)'> (0x000000074c4e9230) 
thrown [s\open\src\hotspot\share\interpreter\linkResolver.cpp, line 759]
Event: 2.690 Thread 0x00000239de196650 Exception <a 'java/lang/NoSuchMethodError'{0x000000074c5ed2a8}: 'void java.lang.invoke.DirectMethodHandle$Holder.invokeSpecial(java.lang.Object, java.lang.Object, java.lang.Object, java.lang.Object, java.lang.Object, java.lang.Object)'> (0x000000074c5ed2a8) 
thrown [s\open\src\hotspot\share\interpreter\linkResolver.cpp, line 759]
Event: 2.701 Thread 0x00000239de196650 Exception <a 'java/lang/NoSuchMethodError'{0x000000074c27e3d8}: 'long java.lang.invoke.DirectMethodHandle$Holder.invokeInterface(java.lang.Object, java.lang.Object)'> (0x000000074c27e3d8) 
thrown [s\open\src\hotspot\share\interpreter\linkResolver.cpp, line 759]
Event: 3.918 Thread 0x00000239de196650 Exception <a 'java/lang/NoSuchMethodError'{0x0000000743d42348}: 'java.lang.Object java.lang.invoke.DirectMethodHandle$Holder.invokeSpecialIFC(java.lang.Object, java.lang.Object, java.lang.Object)'> (0x0000000743d42348) 
thrown [s\open\src\hotspot\share\interpreter\linkResolver.cpp, line 759]
Event: 4.664 Thread 0x00000239de196650 Exception <a 'java/net/SocketException'{0x000000074365dc28}: Socket is not connected: shutdown> (0x000000074365dc28) 
thrown [s\open\src\hotspot\share\prims\jni.cpp, line 535]
Event: 4.665 Thread 0x00000239de196650 Exception <a 'java/net/SocketException'{0x000000074365e1e8}: Socket is not connected: shutdown> (0x000000074365e1e8) 
thrown [s\open\src\hotspot\share\prims\jni.cpp, line 535]
Event: 6.494 Thread 0x00000239de196650 Exception <a 'java/lang/NoSuchMethodError'{0x000000074322e648}: 'java.lang.Object java.lang.invoke.DirectMethodHandle$Holder.invokeSpecial(java.lang.Object, java.lang.Object, long, java.lang.Object, java.lang.Object, java.lang.Object, java.lang.Object, java.lang.Object, java.lang.Object)'> (0x000000074322e648) 
thrown [s\open\src\hotspot\share\interpreter\linkResolver.cpp, line 759]
Event: 6.494 Thread 0x00000239de196650 Exception <a 'java/lang/NoSuchMethodError'{0x0000000743232ed0}: 'java.lang.Object java.lang.invoke.DelegatingMethodHandle$Holder.reinvoke_L(java.lang.Object, long, java.lang.Object, java.lang.Object, java.lang.Object, java.lang.Object, java.lang.Object, java.lang.Object)'> (0x0000000743232ed0) 
thrown [s\open\src\hotspot\share\interpreter\linkResolver.cpp, line 759]
Event: 6.500 Thread 0x00000239de196650 Exception <a 'java/lang/NullPointerException'{0x0000000743257228}> (0x0000000743257228) 
thrown [s\open\src\hotspot\share\interpreter\linkResolver.cpp, line 1433]
Event: 6.518 Thread 0x00000239de196650 Exception <a 'java/lang/NullPointerException'{0x00000007432b04b0}> (0x00000007432b04b0) 
thrown [s\open\src\hotspot\share\interpreter\linkResolver.cpp, line 1433]
Event: 6.530 Thread 0x00000239de196650 Exception <a 'java/net/SocketException'{0x00000007432dea98}: Socket is not connected: shutdown> (0x00000007432dea98) 
thrown [s\open\src\hotspot\share\prims\jni.cpp, line 535]
Event: 6.531 Thread 0x00000239de196650 Exception <a 'java/net/SocketException'{0x00000007432df058}: Socket is not connected: shutdown> (0x00000007432df058) 
thrown [s\open\src\hotspot\share\prims\jni.cpp, line 535]
Event: 8.507 Thread 0x00000239de196650 Exception <a 'java/net/SocketException'{0x00000007430f6430}: Socket is not connected: shutdown> (0x00000007430f6430) 
thrown [s\open\src\hotspot\share\prims\jni.cpp, line 535]
Event: 8.508 Thread 0x00000239de196650 Exception <a 'java/net/SocketException'{0x00000007430f69f0}: Socket is not connected: shutdown> (0x00000007430f69f0) 
thrown [s\open\src\hotspot\share\prims\jni.cpp, line 535]
Event: 9.126 Thread 0x00000239defe1ec0 Exception <a 'java/net/ConnectException'{0x0000000743414890}: Connection refused: no further information> (0x0000000743414890) 
thrown [s\open\src\hotspot\share\prims\jni.cpp, line 535]
Event: 9.126 Thread 0x00000239defe1ec0 Exception <a 'java/net/SocketException'{0x0000000743414bc8}: Socket is not connected: shutdown> (0x0000000743414bc8) 
thrown [s\open\src\hotspot\share\prims\jni.cpp, line 535]
Event: 10.496 Thread 0x00000239de196650 Exception <a 'java/lang/NullPointerException'{0x0000000742fad678}> (0x0000000742fad678) 
thrown [s\open\src\hotspot\share\interpreter\linkResolver.cpp, line 1433]

VM Operations (20 events):
Event: 2.831 Executing VM operation: CollectForMetadataAllocation done
Event: 2.839 Executing VM operation: G1Concurrent
Event: 2.841 Executing VM operation: G1Concurrent done
Event: 2.844 Executing VM operation: G1Concurrent
Event: 2.852 Executing VM operation: G1Concurrent done
Event: 3.859 Executing VM operation: Cleanup
Event: 3.859 Executing VM operation: Cleanup done
Event: 4.870 Executing VM operation: Cleanup
Event: 4.870 Executing VM operation: Cleanup done
Event: 5.886 Executing VM operation: Cleanup
Event: 5.886 Executing VM operation: Cleanup done
Event: 6.900 Executing VM operation: Cleanup
Event: 6.900 Executing VM operation: Cleanup done
Event: 7.901 Executing VM operation: Cleanup
Event: 7.917 Executing VM operation: Cleanup done
Event: 8.922 Executing VM operation: Cleanup
Event: 8.922 Executing VM operation: Cleanup done
Event: 9.942 Executing VM operation: Cleanup
Event: 9.945 Executing VM operation: Cleanup done
Event: 10.536 Executing VM operation: G1CollectForAllocation

Events (20 events):
Event: 7.030 Thread 0x00000239de9ace40 Thread added: 0x00000239de9ace40
Event: 7.038 Thread 0x00000239de9b1b40 Thread added: 0x00000239de9b1b40
Event: 7.038 Thread 0x00000239de9b2e80 Thread added: 0x00000239de9b2e80
Event: 7.088 Thread 0x00000239de9b24e0 Thread added: 0x00000239de9b24e0
Event: 7.088 Thread 0x00000239de9b0800 Thread added: 0x00000239de9b0800
Event: 7.097 Thread 0x00000239de9b3cf0 Thread added: 0x00000239de9b3cf0
Event: 7.560 Thread 0x00000239defe36d0 Thread exited: 0x00000239defe36d0
Event: 7.993 Thread 0x00000239de9ad310 Thread added: 0x00000239de9ad310
Event: 8.509 Thread 0x00000239de9b29b0 Thread added: 0x00000239de9b29b0
Event: 8.514 Thread 0x00000239de9b0cd0 Thread added: 0x00000239de9b0cd0
Event: 8.514 Thread 0x00000239de9b41c0 Thread added: 0x00000239de9b41c0
Event: 9.042 Thread 0x00000239de9b0cd0 Thread exited: 0x00000239de9b0cd0
Event: 9.042 Thread 0x00000239de9b41c0 Thread exited: 0x00000239de9b41c0
Event: 9.044 Thread 0x00000239de9b29b0 Thread exited: 0x00000239de9b29b0
Event: 9.069 Thread 0x00000239de9b1670 Thread added: 0x00000239de9b1670
Event: 9.080 Thread 0x00000239de9ae180 Thread added: 0x00000239de9ae180
Event: 9.080 Thread 0x00000239de9aeb20 Thread added: 0x00000239de9aeb20
Event: 9.124 Thread 0x00000239de9afe60 Thread added: 0x00000239de9afe60
Event: 9.124 Thread 0x00000239de9b41c0 Thread added: 0x00000239de9b41c0
Event: 9.141 Thread 0x00000239de9b3820 Thread added: 0x00000239de9b3820


Dynamic libraries:
0x00007ff781df0000 - 0x00007ff781e00000 	C:\Program Files\Java\jdk-18.0.2\bin\javaw.exe
0x00007ffcd5a70000 - 0x00007ffcd5c87000 	C:\WINDOWS\SYSTEM32\ntdll.dll
0x00007ffcd5860000 - 0x00007ffcd5924000 	C:\WINDOWS\System32\KERNEL32.DLL
0x00007ffcd2fc0000 - 0x00007ffcd3366000 	C:\WINDOWS\System32\KERNELBASE.dll
0x00007ffcd3420000 - 0x00007ffcd3531000 	C:\WINDOWS\System32\ucrtbase.dll
0x00007ffccdd00000 - 0x00007ffccdd18000 	C:\Program Files\Java\jdk-18.0.2\bin\jli.dll
0x00007ffcd4480000 - 0x00007ffcd4533000 	C:\WINDOWS\System32\ADVAPI32.dll
0x00007ffcd53a0000 - 0x00007ffcd5447000 	C:\WINDOWS\System32\msvcrt.dll
0x00007ffcd4280000 - 0x00007ffcd4328000 	C:\WINDOWS\System32\sechost.dll
0x00007ffcd3370000 - 0x00007ffcd3398000 	C:\WINDOWS\System32\bcrypt.dll
0x00007ffcd5280000 - 0x00007ffcd5397000 	C:\WINDOWS\System32\RPCRT4.dll
0x00007ffcd5620000 - 0x00007ffcd57ce000 	C:\WINDOWS\System32\USER32.dll
0x00007ffcd2e70000 - 0x00007ffcd2e96000 	C:\WINDOWS\System32\win32u.dll
0x00007ffcd43d0000 - 0x00007ffcd43f9000 	C:\WINDOWS\System32\GDI32.dll
0x00007ffcd2ea0000 - 0x00007ffcd2fb8000 	C:\WINDOWS\System32\gdi32full.dll
0x00007ffcd3720000 - 0x00007ffcd37ba000 	C:\WINDOWS\System32\msvcp_win.dll
0x00007ffccb100000 - 0x00007ffccb11a000 	C:\Program Files\Java\jdk-18.0.2\bin\VCRUNTIME140.dll
0x00007ffcb9ff0000 - 0x00007ffcba283000 	C:\WINDOWS\WinSxS\amd64_microsoft.windows.common-controls_6595b64144ccf1df_6.0.22621.2506_none_270c5ae97388e100\COMCTL32.dll
0x00007ffcc49c0000 - 0x00007ffcc49ca000 	C:\WINDOWS\SYSTEM32\VERSION.dll
0x00007ffcd3c40000 - 0x00007ffcd3c71000 	C:\WINDOWS\System32\IMM32.DLL
0x00007ffcce380000 - 0x00007ffcce38c000 	C:\Program Files\Java\jdk-18.0.2\bin\vcruntime140_1.dll
0x00007ffcad920000 - 0x00007ffcad9ad000 	C:\Program Files\Java\jdk-18.0.2\bin\msvcp140.dll
0x00007ffc85550000 - 0x00007ffc86161000 	C:\Program Files\Java\jdk-18.0.2\bin\server\jvm.dll
0x00007ffcd3ce0000 - 0x00007ffcd3ce8000 	C:\WINDOWS\System32\PSAPI.DLL
0x00007ffcb3980000 - 0x00007ffcb3989000 	C:\WINDOWS\SYSTEM32\WSOCK32.dll
0x00007ffcd48e0000 - 0x00007ffcd4951000 	C:\WINDOWS\System32\WS2_32.dll
0x00007ffcca5a0000 - 0x00007ffcca5d4000 	C:\WINDOWS\SYSTEM32\WINMM.dll
0x00007ffcd1df0000 - 0x00007ffcd1e08000 	C:\WINDOWS\SYSTEM32\kernel.appcore.dll
0x00007ffcce350000 - 0x00007ffcce35a000 	C:\Program Files\Java\jdk-18.0.2\bin\jimage.dll
0x00007ffcd06f0000 - 0x00007ffcd0923000 	C:\WINDOWS\SYSTEM32\DBGHELP.DLL
0x00007ffcd4540000 - 0x00007ffcd48c9000 	C:\WINDOWS\System32\combase.dll
0x00007ffcd3ff0000 - 0x00007ffcd40c7000 	C:\WINDOWS\System32\OLEAUT32.dll
0x00007ffcb3a90000 - 0x00007ffcb3ac2000 	C:\WINDOWS\SYSTEM32\dbgcore.DLL
0x00007ffcd33a0000 - 0x00007ffcd341a000 	C:\WINDOWS\System32\bcryptPrimitives.dll
0x00007ffcbcb80000 - 0x00007ffcbcba5000 	C:\Program Files\Java\jdk-18.0.2\bin\java.dll
0x00007ffc98940000 - 0x00007ffc98a16000 	C:\Program Files\Java\jdk-18.0.2\bin\jsvml.dll
0x00007ffcd4a20000 - 0x00007ffcd527b000 	C:\WINDOWS\System32\SHELL32.dll
0x00007ffcd0d10000 - 0x00007ffcd1606000 	C:\WINDOWS\SYSTEM32\windows.storage.dll
0x00007ffcd0bd0000 - 0x00007ffcd0d0e000 	C:\WINDOWS\SYSTEM32\wintypes.dll
0x00007ffcd5930000 - 0x00007ffcd5a23000 	C:\WINDOWS\System32\SHCORE.dll
0x00007ffcd3c80000 - 0x00007ffcd3cde000 	C:\WINDOWS\System32\shlwapi.dll
0x00007ffcd2ce0000 - 0x00007ffcd2d06000 	C:\WINDOWS\SYSTEM32\profapi.dll
0x00007ffcca650000 - 0x00007ffcca663000 	C:\Program Files\Java\jdk-18.0.2\bin\net.dll
0x00007ffccb660000 - 0x00007ffccb797000 	C:\WINDOWS\SYSTEM32\WINHTTP.dll
0x00007ffcd2270000 - 0x00007ffcd22d9000 	C:\WINDOWS\system32\mswsock.dll
0x00007ffcc9b20000 - 0x00007ffcc9b36000 	C:\Program Files\Java\jdk-18.0.2\bin\nio.dll
0x00007ffcc4a20000 - 0x00007ffcc4a38000 	C:\Program Files\Java\jdk-18.0.2\bin\zip.dll
0x00007ffcce330000 - 0x00007ffcce340000 	C:\Program Files\Java\jdk-18.0.2\bin\verify.dll
0x00007ffcd18e0000 - 0x00007ffcd19d9000 	C:\WINDOWS\SYSTEM32\DNSAPI.dll
0x00007ffcd1870000 - 0x00007ffcd189d000 	C:\WINDOWS\SYSTEM32\IPHLPAPI.DLL
0x00007ffcd48d0000 - 0x00007ffcd48d9000 	C:\WINDOWS\System32\NSI.dll
0x0000000053f70000 - 0x0000000053f96000 	C:\Program Files\Bonjour\mdnsNSP.dll
0x00007ffcc2720000 - 0x00007ffcc272a000 	C:\Windows\System32\rasadhlp.dll
0x00007ffcc9360000 - 0x00007ffcc93e3000 	C:\WINDOWS\System32\fwpuclnt.dll
0x00007ffcd24d0000 - 0x00007ffcd24eb000 	C:\WINDOWS\SYSTEM32\CRYPTSP.dll
0x00007ffcd1d50000 - 0x00007ffcd1d85000 	C:\WINDOWS\system32\rsaenh.dll
0x00007ffcd2360000 - 0x00007ffcd238c000 	C:\WINDOWS\SYSTEM32\USERENV.dll
0x00007ffcd24c0000 - 0x00007ffcd24cc000 	C:\WINDOWS\SYSTEM32\CRYPTBASE.dll
0x00007ffccb850000 - 0x00007ffccb869000 	C:\WINDOWS\SYSTEM32\dhcpcsvc6.DLL
0x00007ffccb530000 - 0x00007ffccb54f000 	C:\WINDOWS\SYSTEM32\dhcpcsvc.DLL
0x00007ffccfd80000 - 0x00007ffccfe17000 	C:\WINDOWS\system32\apphelp.dll
0x00007ffcce000000 - 0x00007ffcce009000 	C:\Program Files\Java\jdk-18.0.2\bin\management.dll
0x00007ffccdde0000 - 0x00007ffccddeb000 	C:\Program Files\Java\jdk-18.0.2\bin\management_ext.dll
0x00007ffccb0f0000 - 0x00007ffccb0fe000 	C:\Program Files\Java\jdk-18.0.2\bin\sunmscapi.dll
0x00007ffcd35b0000 - 0x00007ffcd3716000 	C:\WINDOWS\System32\CRYPT32.dll
0x00007ffcd2680000 - 0x00007ffcd26ae000 	C:\WINDOWS\SYSTEM32\ncrypt.dll
0x00007ffcd2640000 - 0x00007ffcd2677000 	C:\WINDOWS\SYSTEM32\NTASN1.dll
0x00007ffcaf440000 - 0x00007ffcaf457000 	C:\WINDOWS\system32\napinsp.dll
0x00007ffcaf420000 - 0x00007ffcaf43b000 	C:\WINDOWS\system32\pnrpnsp.dll
0x00007ffcaf400000 - 0x00007ffcaf411000 	C:\WINDOWS\System32\winrnr.dll
0x00007ffcc9880000 - 0x00007ffcc9895000 	C:\WINDOWS\system32\wshbth.dll
0x00007ffcaf3d0000 - 0x00007ffcaf3f1000 	C:\WINDOWS\system32\nlansp_c.dll

dbghelp: loaded successfully - version: 4.0.5 - missing functions: none
symbol engine: initialized successfully - sym options: 0x614 - pdb path: .;C:\Program Files\Java\jdk-18.0.2\bin;C:\WINDOWS\SYSTEM32;C:\WINDOWS\WinSxS\amd64_microsoft.windows.common-controls_6595b64144ccf1df_6.0.22621.2506_none_270c5ae97388e100;C:\Program Files\Java\jdk-18.0.2\bin\server;C:\Program Files\Bonjour

VM Arguments:
jvm_args: -ea -Dfile.encoding=UTF-8 -Dstdout.encoding=UTF-8 -Dstderr.encoding=UTF-8 -XX:+ShowCodeDetailsInExceptionMessages 
java_command: org.testng.remote.RemoteTestNG -serport 63067 -protocol json -d C:\Users\USER\eclipse-workspace\com.healthkart.www\test-output C:\Users\USER\eclipse-workspace\com.healthkart.www\testng.AssertEx.xml
java_class_path (initial): C:\Users\USER\eclipse\java-2022-12\eclipse\configuration\org.eclipse.osgi\902\0\.cp\lib\testng-remote.jar;C:\Users\USER\eclipse-workspace\com.healthkart.www\target\test-classes;C:\Users\USER\eclipse-workspace\com.healthkart.www\target\classes;C:\Users\USER\.m2\repository\org\seleniumhq\selenium\selenium-java\4.13.0\selenium-java-4.13.0.jar;C:\Users\USER\.m2\repository\org\seleniumhq\selenium\selenium-api\4.13.0\selenium-api-4.13.0.jar;C:\Users\USER\.m2\repository\org\seleniumhq\selenium\selenium-chrome-driver\4.13.0\selenium-chrome-driver-4.13.0.jar;C:\Users\USER\.m2\repository\com\google\auto\service\auto-service-annotations\1.1.1\auto-service-annotations-1.1.1.jar;C:\Users\USER\.m2\repository\com\google\guava\guava\32.1.2-jre\guava-32.1.2-jre.jar;C:\Users\USER\.m2\repository\com\google\guava\failureaccess\1.0.1\failureaccess-1.0.1.jar;C:\Users\USER\.m2\repository\com\google\guava\listenablefuture\9999.0-empty-to-avoid-conflict-with-guava\listenablefuture-9999.0-empty-to-avoid-conflict-with-guava.jar;C:\Users\USER\.m2\repository\com\google\code\findbugs\jsr305\3.0.2\jsr305-3.0.2.jar;C:\Users\USER\.m2\repository\org\checkerframework\checker-qual\3.33.0\checker-qual-3.33.0.jar;C:\Users\USER\.m2\repository\com\google\errorprone\error_prone_annotations\2.18.0\error_prone_annotations-2.18.0.jar;C:\Users\USER\.m2\repository\com\google\j2objc\j2objc-annotations\2.8\j2objc-annotations-2.8.jar;C:\Users\USER\.m2\repository\org\seleniumhq\selenium\selenium-chromium-driver\4.13.0\selenium-chromium-driver-4.13.0.jar;C:\Users\USER\.m2\repository\org\seleniumhq\selenium\selenium-json\4.13.0\selenium-json-4.13.0.jar;C:\Users\USER\.m2\repository\org\seleniumhq\selenium\selenium-manager\4.13.0\selenium-manager-4.13.0.jar;C:\Users\USER\.m2\repository\org\seleniumhq\selenium\selenium-devtools-v115\4.13.0\selenium-devtools-v115-4.13.0.jar;C:\Users\USER\.m2\repository\org\seleniumhq\selenium\selenium-devtools-v116\4.13.0\selenium-devtools-v116-4.13.0.jar;C:\Users\USER\.m2\repository\org\seleniumhq\selenium\selenium-devtools-v117\4.13.0\selenium-devtools-v117-4.13.0.jar;C:\Users\USER\.m2\repository\org\seleniumhq\selenium\selenium-devtools-v85\4.13.0\selenium-devtools-v85-4.13.0.jar;C:\Users\USER\.m2\repository\org\seleniumhq\selenium\selenium-edge-driver\4.13.0\selenium-edge-driver-4.13.0.jar;C:\Users\USER\.m2\repository\org\seleniumhq\selenium\selenium-firefox-driver\4.13.0\selenium-firefox-driver-4.13.0.jar;C:\Users\USER\.m2\repository\org\seleniumhq\selenium\selenium-http\4.13.0\selenium-http-4.13.0.jar;C:\Users\USER\.m2\repository\dev\failsafe\failsafe\3.3.2\failsafe-3.3.2.jar;C:\Users\USER\.m2\repository\org\seleniumhq\selenium\selenium-ie-driver\4.13.0\selenium-ie-driver-4.13.0.jar;C:\Users\USER\.m2\repository\org\seleniumhq\selenium\selenium-remote-driver\4.13.0\selenium-remote-driver-4.13.0.jar;C:\Users\USER\.m2\repository\io\netty\netty-buffer\4.1.96.Final\netty-buffer-4.1.96.Final.jar;C:\Users\USER\.m2\repository\io\netty\netty-codec-http\4.1.96.Final\netty-codec-http-4.1.96.Final.jar;C:\Users\USER\.m2\repository\io\netty\netty-codec\4.1.96.Final\netty-codec-4.1.96.Final.jar;C:\Users\USER\.m2\repository\io\netty\netty-handler\4.1.96.Final\netty-handler-4.1.96.Final.jar;C:\Users\USER\.m2\repository\io\netty\netty-common\4.1.96.Final\netty-common-4.1.96.Final.jar;C:\Users\USER\.m2\repository\io\netty\netty-transport-classes-epoll\4.1.96.Final\netty-transport-classes-epoll-4.1.96.Final.jar;C:\Users\USER\.m2\repository\io\netty\netty-transport-classes-kqueue\4.1.96.Final\netty-transport-classes-kqueue-4.1.96.Final.jar;C:\Users\USER\.m2\repository\io\netty\netty-transport-native-epoll\4.1.96.Final\netty-transport-native-epoll-4.1.96.Final.jar;C:\Users\USER\.m2\repository\io\netty\netty-transport-native-kqueue\4.1.96.Final\netty-transport-native-kqueue-4.1.96.Final.jar;C:\Users\USER\.m2\repository\io\netty\netty-transport-native-unix-common\4.1.96.Final\netty-transport-native-unix-common-4.1.96.Final.jar;C:\Users\USER\.m2\repository\io\netty\netty-transport\4.1.96.Final\netty-transport-4.1.96.Final.jar;C:\Users\USER\.m2\repository\io\netty\netty-resolver\4.1.96.Final\netty-resolver-4.1.96.Final.jar;C:\Users\USER\.m2\repository\io\opentelemetry\opentelemetry-api\1.28.0\opentelemetry-api-1.28.0.jar;C:\Users\USER\.m2\repository\io\opentelemetry\opentelemetry-context\1.28.0\opentelemetry-context-1.28.0.jar;C:\Users\USER\.m2\repository\io\opentelemetry\opentelemetry-exporter-logging\1.28.0\opentelemetry-exporter-logging-1.28.0.jar;C:\Users\USER\.m2\repository\io\opentelemetry\opentelemetry-sdk-metrics\1.28.0\opentelemetry-sdk-metrics-1.28.0.jar;C:\Users\USER\.m2\repository\io\opentelemetry\opentelemetry-extension-incubator\1.28.0-alpha\opentelemetry-extension-incubator-1.28.0-alpha.jar;C:\Users\USER\.m2\repository\io\opentelemetry\opentelemetry-sdk-logs\1.28.0\opentelemetry-sdk-logs-1.28.0.jar;C:\Users\USER\.m2\repository\io\opentelemetry\opentelemetry-sdk-common\1.28.0\opentelemetry-sdk-common-1.28.0.jar;C:\Users\USER\.m2\repository\io\opentelemetry\opentelemetry-sdk-extension-autoconfigure-spi\1.28.0\opentelemetry-sdk-extension-autoconfigure-spi-1.28.0.jar;C:\Users\USER\.m2\repository\io\opentelemetry\opentelemetry-sdk-extension-autoconfigure\1.28.0\opentelemetry-sdk-extension-autoconfigure-1.28.0.jar;C:\Users\USER\.m2\repository\io\opentelemetry\opentelemetry-api-events\1.28.0-alpha\opentelemetry-api-events-1.28.0-alpha.jar;C:\Users\USER\.m2\repository\io\opentelemetry\opentelemetry-sdk-trace\1.28.0\opentelemetry-sdk-trace-1.28.0.jar;C:\Users\USER\.m2\repository\io\opentelemetry\opentelemetry-sdk\1.28.0\opentelemetry-sdk-1.28.0.jar;C:\Users\USER\.m2\repository\io\opentelemetry\opentelemetry-semconv\1.28.0-alpha\opentelemetry-semconv-1.28.0-alpha.jar;C:\Users\USER\.m2\repository\net\bytebuddy\byte-buddy\1.14.5\byte-buddy-1.14.5.jar;C:\Users\USER\.m2\repository\org\asynchttpclient\async-http-client\2.12.3\async-http-client-2.12.3.jar;C:\Users\USER\.m2\repository\org\asynchttpclient\async-http-client-netty-utils\2.12.3\async-http-client-netty-utils-2.12.3.jar;C:\Users\USER\.m2\repository\io\netty\netty-codec-socks\4.1.60.Final\netty-codec-socks-4.1.60.Final.jar;C:\Users\USER\.m2\repository\io\netty\netty-handler-proxy\4.1.60.Final\netty-handler-proxy-4.1.60.Final.jar;C:\Users\USER\.m2\repository\io\netty\netty-transport-native-epoll\4.1.60.Final\netty-transport-native-epoll-4.1.60.Final-linux-x86_64.jar;C:\Users\USER\.m2\repository\io\netty\netty-transport-native-kqueue\4.1.60.Final\netty-transport-native-kqueue-4.1.60.Final-osx-x86_64.jar;C:\Users\USER\.m2\repository\org\reactivestreams\reactive-streams\1.0.3\reactive-streams-1.0.3.jar;C:\Users\USER\.m2\repository\com\typesafe\netty\netty-reactive-streams\2.0.4\netty-reactive-streams-2.0.4.jar;C:\Users\USER\.m2\repository\com\sun\activation\jakarta.activation\1.2.2\jakarta.activation-1.2.2.jar;C:\Users\USER\.m2\repository\org\seleniumhq\selenium\selenium-os\4.13.0\selenium-os-4.13.0.jar;C:\Users\USER\.m2\repository\org\apache\commons\commons-exec\1.3\commons-exec-1.3.jar;C:\Users\USER\.m2\repository\org\seleniumhq\selenium\selenium-safari-driver\4.13.0\selenium-safari-driver-4.13.0.jar;C:\Users\USER\.m2\repository\org\seleniumhq\selenium\selenium-support\4.13.0\selenium-support-4.13.0.jar;C:\Users\USER\.m2\repository\org\testng\testng\7.9.0\testng-7.9.0.jar;C:\Users\USER\.m2\repository\org\slf4j\slf4j-api\1.7.36\slf4j-api-1.7.36.jar;C:\Users\USER\.m2\repository\com\beust\jcommander\1.82\jcommander-1.82.jar;C:\Users\USER\.m2\repository\org\webjars\jquery\3.7.1\jquery-3.7.1.jar;C:\Users\USER\.m2\repository\mysql\mysql-connector-java\8.0.28\mysql-connector-java-8.0.28.jar;C:\Users\USER\.m2\repository\com\google\protobuf\protobuf-java\3.11.4\protobuf-java-3.11.4.jar;C:\Users\USER\.m2\repository\org\apache\poi\poi\5.2.3\poi-5.2.3.jar;C:\Users\USER\.m2\repository\commons-codec\commons-codec\1.15\commons-codec-1.15.jar;C:\Users\USER\.m2\repository\org\apache\commons\commons-collections4\4.4\commons-collections4-4.4.jar;C:\Users\USER\.m2\repository\org\apache\commons\commons-math3\3.6.1\commons-math3-3.6.1.jar;C:\Users\USER\.m2\repository\commons-io\commons-io\2.11.0\commons-io-2.11.0.jar;C:\Users\USER\.m2\repository\com\zaxxer\SparseBitSet\1.2\SparseBitSet-1.2.jar;C:\Users\USER\.m2\repository\org\apache\logging\log4j\log4j-api\2.18.0\log4j-api-2.18.0.jar;C:\Users\USER\.m2\repository\org\apache\poi\poi-ooxml\5.2.3\poi-ooxml-5.2.3.jar;C:\Users\USER\.m2\repository\org\apache\poi\poi-ooxml-lite\5.2.3\poi-ooxml-lite-5.2.3.jar;C:\Users\USER\.m2\repository\org\apache\xmlbeans\xmlbeans\5.1.1\xmlbeans-5.1.1.jar;C:\Users\USER\.m2\repository\org\apache\commons\commons-compress\1.21\commons-compress-1.21.jar;C:\Users\USER\.m2\repository\com\github\virtuald\curvesapi\1.07\curvesapi-1.07.jar
Launcher Type: SUN_STANDARD

[Global flags]
     intx CICompilerCount                          = 3                                         {product} {ergonomic}
     uint ConcGCThreads                            = 1                                         {product} {ergonomic}
     uint G1ConcRefinementThreads                  = 4                                         {product} {ergonomic}
   size_t G1HeapRegionSize                         = 2097152                                   {product} {ergonomic}
    uintx GCDrainStackTargetSize                   = 64                                        {product} {ergonomic}
   size_t InitialHeapSize                          = 201326592                                 {product} {ergonomic}
   size_t MarkStackSize                            = 4194304                                   {product} {ergonomic}
   size_t MaxHeapSize                              = 3198156800                                {product} {ergonomic}
   size_t MaxNewSize                               = 1918894080                                {product} {ergonomic}
   size_t MinHeapDeltaBytes                        = 2097152                                   {product} {ergonomic}
   size_t MinHeapSize                              = 8388608                                   {product} {ergonomic}
    uintx NonNMethodCodeHeapSize                   = 5832780                                {pd product} {ergonomic}
    uintx NonProfiledCodeHeapSize                  = 122912730                              {pd product} {ergonomic}
    uintx ProfiledCodeHeapSize                     = 122912730                              {pd product} {ergonomic}
    uintx ReservedCodeCacheSize                    = 251658240                              {pd product} {ergonomic}
     bool SegmentedCodeCache                       = true                                      {product} {ergonomic}
     bool ShowCodeDetailsInExceptionMessages       = true                                   {manageable} {command line}
   size_t SoftMaxHeapSize                          = 3198156800                             {manageable} {ergonomic}
     bool UseCompressedClassPointers               = true                           {product lp64_product} {ergonomic}
     bool UseCompressedOops                        = true                           {product lp64_product} {ergonomic}
     bool UseG1GC                                  = true                                      {product} {ergonomic}
     bool UseLargePagesIndividualAllocation        = false                                  {pd product} {ergonomic}

Logging:
Log output configuration:
 #0: stdout all=warning uptime,level,tags foldmultilines=false
 #1: stderr all=off uptime,level,tags foldmultilines=false

Environment Variables:
JAVA_HOME=C:\Program Files\Java\jdk-17
PATH=C:/Program Files/Java/jdk-17/bin/server;C:/Program Files/Java/jdk-17/bin;C:\Program Files\Java\jdk-17\bin;F:\oracle\product\10.2.0\db_5\bin;C:\Program Files\Common Files\Oracle\Java\javapath;C:\Program Files (x86)\VMware\VMware Player\bin\;C:\WINDOWS\system32;C:\WINDOWS;C:\WINDOWS\System32\Wbem;C:\WINDOWS\System32\WindowsPowerShell\v1.0\;C:\Program Files\Java\jdk-17\bin;C:\WINDOWS\System32\OpenSSH\;C:\Program Files\nodejs\;C:\Users\USER\Downloads\apache-maven-3.9.0-bin\apache-maven-3.9.0\bin;C:\Users\USER\Downloads\apache-maven-3.9.0-bin\apache-maven-3.9.0;C:\Program Files\Java\jdk-17\bin;C:\Program Files\Git\cmd;C:\Users\USER\AppData\Local\Microsoft\WindowsApps;C:\Users\USER\AppData\Roaming\npm;C:\Users\USER\Downloads\apache-maven-3.9.0-bin\apache-maven-3.9.0\bin;C:\Users\USER\Downloads\apache-maven-3.9.0-bin\apache-maven-3.9.0;C:\Program Files\Java\jdk-17\bin;C:\WINDOWS\System32;
USERNAME=USER
OS=Windows_NT
PROCESSOR_IDENTIFIER=Intel64 Family 6 Model 142 Stepping 10, GenuineIntel



---------------  S Y S T E M  ---------------

OS:
 Windows 11 , 64 bit Build 22621 (10.0.22621.3085)
OS uptime: 7 days 3:14 hours

CPU: total 4 (initial active 4) (2 cores per cpu, 2 threads per core) family 6 model 142 stepping 10 microcode 0xe0, cx8, cmov, fxsr, ht, mmx, 3dnowpref, sse, sse2, sse3, ssse3, sse4.1, sse4.2, popcnt, lzcnt, tsc, tscinvbit, avx, avx2, aes, erms, clmul, bmi1, bmi2, adx, fma, vzeroupper, clflush, clflushopt

Memory: 4k page, system-wide physical 12199M (2382M free)
TotalPageFile size 14247M (AvailPageFile size 37M)
current process WorkingSet (physical memory assigned to process): 158M, peak: 158M
current process commit charge ("private bytes"): 203M, peak: 316M

vm_info: Java HotSpot(TM) 64-Bit Server VM (18.0.2+9-61) for windows-amd64 JRE (18.0.2+9-61), built on Jun  7 2022 13:09:01 by "mach5one" with MS VC++ 16.8 / 16.9 (VS2019)

END.
